[handleMsg]:  Message {
  _data: {
    id: {
      fromMe: false,
      remote: '573215927725@c.us',
      id: 'DF1107D17234916BAD70458A06AEE5AB',
      _serialized: 'false_573215927725@c.us_DF1107D17234916BAD70458A06AEE5AB'
    },
    viewed: false,
    body: 'Hola',
    type: 'chat',
    t: 1748286230,
    notifyName: 'ESMITH 🌚',
    from: '573215927725@c.us',
    to: '573043762660@c.us',
    ack: 1,
    invis: false,
    isNewMsg: true,
    star: false,
    kicNotified: false,
    recvFresh: true,
    isFromTemplate: false,
    pollInvalidated: false,
    isSentCagPollCreation: false,
    latestEditMsgKey: null,
    latestEditSenderTimestampMs: null,
    mentionedJidList: [],
    groupMentions: [],
    isEventCanceled: false,
    eventInvalidated: false,
    isVcardOverMmsDocument: false,
    isForwarded: false,
    hasReaction: false,
    viewMode: 'VISIBLE',
    messageSecret: {
      '0': 47,
      '1': 104,
      '2': 252,
      '3': 130,
      '4': 133,
      '5': 155,
      '6': 173,
      '7': 68,
      '8': 22,
      '9': 64,
      '10': 215,
      '11': 93,
      '12': 69,
      '13': 166,
      '14': 155,
      '15': 115,
      '16': 14,
      '17': 85,
      '18': 79,
      '19': 212,
      '20': 187,
      '21': 170,
      '22': 164,
      '23': 184,
      '24': 4,
      '25': 62,
      '26': 137,
      '27': 182,
      '28': 139,
      '29': 179,
      '30': 244,
      '31': 157
    },
    productHeaderImageRejected: false,
    lastPlaybackProgress: 0,
    isDynamicReplyButtonsMsg: false,
    isCarouselCard: false,
    parentMsgId: null,
    callSilenceReason: null,
    isVideoCall: false,
    callDuration: null,
    callCreator: null,
    callParticipants: null,
    isMdHistoryMsg: false,
    stickerSentTs: 0,
    isAvatar: false,
    lastUpdateFromServerTs: 0,
    invokedBotWid: null,
    bizBotType: null,
    botResponseTargetId: null,
    botPluginType: null,
    botPluginReferenceIndex: null,
    botPluginSearchProvider: null,
    botPluginSearchUrl: null,
    botPluginSearchQuery: null,
    botPluginMaybeParent: false,
    botReelPluginThumbnailCdnUrl: null,
    botMessageDisclaimerText: null,
    botMsgBodyType: null,
    reportingTokenInfo: { reportingToken: [Object], version: 2, reportingTag: [Object] },
    requiresDirectConnection: null,
    bizContentPlaceholderType: null,
    hostedBizEncStateMismatch: false,
    senderOrRecipientAccountTypeHosted: false,
    placeholderCreatedWhenAccountIsHosted: false,
    links: []
  },
  mediaKey: undefined,
  id: {
    fromMe: false,
    remote: '573215927725@c.us',
    id: 'DF1107D17234916BAD70458A06AEE5AB',
    _serialized: 'false_573215927725@c.us_DF1107D17234916BAD70458A06AEE5AB'
  },
  ack: 1,
  hasMedia: false,
  body: 'Hola',
  type: 'chat',
  timestamp: 1748286230,
  from: '573215927725',
  to: '573043762660@c.us',
  author: undefined,
  deviceType: 'android',
  isForwarded: false,
  forwardingScore: 0,
  isStatus: false,
  isStarred: false,
  broadcast: undefined,
  fromMe: false,
  hasQuotedMsg: false,
  hasReaction: false,
  duration: undefined,
  location: undefined,
  vCards: [],
  inviteV4: undefined,
  mentionedIds: [],
  groupMentions: [],
  orderId: undefined,
  token: undefined,
  isGif: false,
  isEphemeral: undefined,
  links: []
}
[QUEUE_SE_ENVIO]:  {
  ref: 'ans_0fd8c4aa-2f4a-4c0c-b277-42bd60a3cf07',
  keyword: 'key_ac95ea8e-57ec-4cc2-8c6c-d114828bd4c2',
  answer: '🙌 Hola, bienvenido al *Bot de Registro de Horas Extras*',
  options: {
    media: null,
    buttons: [],
    capture: false,
    child: null,
    delay: 0,
    idle: null,
    ref: null,
    nested: [],
    keyword: {},
    callback: true
  },
  refSerialize: 'e82e27eca897c51860212fb08e42577b'
}
[QUEUE_SE_ENVIO]:  {
  ref: 'ans_eaedffe4-2d7a-490b-bc9b-2ab37839b4f8',
  keyword: 'ans_0fd8c4aa-2f4a-4c0c-b277-42bd60a3cf07',
  answer: '¿Deseas registrar horas extras?\n' +
    '👉 Responde "Registrar" para iniciar el proceso\n' +
    '👉 Responde "Gracias" para salir',
  options: {
    media: null,
    buttons: [],
    capture: false,
    child: null,
    delay: 0,
    idle: null,
    ref: null,
    nested: [
      [Object], [Object],
      [Object], [Object],
      [Object], [Object],
      [Object], [Object]
    ],
    keyword: {},
    callback: true
  },
  refSerialize: 'b3589c123bf6bf5751796212fe798738'
}
[handleMsg]:  Message {
  _data: {
    id: {
      fromMe: false,
      remote: '573215927725@c.us',
      id: '7A7FD1BCF3AF0BCA545C1EBE8F733FB5',
      _serialized: 'false_573215927725@c.us_7A7FD1BCF3AF0BCA545C1EBE8F733FB5'
    },
    viewed: false,
    body: 'Registrar',
    type: 'chat',
    t: 1748286237,
    notifyName: 'ESMITH 🌚',
    from: '573215927725@c.us',
    to: '573043762660@c.us',
    ack: 1,
    invis: false,
    isNewMsg: true,
    star: false,
    kicNotified: false,
    recvFresh: true,
    isFromTemplate: false,
    pollInvalidated: false,
    isSentCagPollCreation: false,
    latestEditMsgKey: null,
    latestEditSenderTimestampMs: null,
    mentionedJidList: [],
    groupMentions: [],
    isEventCanceled: false,
    eventInvalidated: false,
    isVcardOverMmsDocument: false,
    isForwarded: false,
    hasReaction: false,
    viewMode: 'VISIBLE',
    messageSecret: {
      '0': 93,
      '1': 38,
      '2': 251,
      '3': 8,
      '4': 217,
      '5': 156,
      '6': 244,
      '7': 112,
      '8': 192,
      '9': 192,
      '10': 120,
      '11': 100,
      '12': 53,
      '13': 218,
      '14': 186,
      '15': 48,
      '16': 222,
      '17': 243,
      '18': 61,
      '19': 23,
      '20': 41,
      '21': 121,
      '22': 218,
      '23': 13,
      '24': 184,
      '25': 58,
      '26': 86,
      '27': 2,
      '28': 33,
      '29': 81,
      '30': 10,
      '31': 170
    },
    productHeaderImageRejected: false,
    lastPlaybackProgress: 0,
    isDynamicReplyButtonsMsg: false,
    isCarouselCard: false,
    parentMsgId: null,
    callSilenceReason: null,
    isVideoCall: false,
    callDuration: null,
    callCreator: null,
    callParticipants: null,
    isMdHistoryMsg: false,
    stickerSentTs: 0,
    isAvatar: false,
    lastUpdateFromServerTs: 0,
    invokedBotWid: null,
    bizBotType: null,
    botResponseTargetId: null,
    botPluginType: null,
    botPluginReferenceIndex: null,
    botPluginSearchProvider: null,
    botPluginSearchUrl: null,
    botPluginSearchQuery: null,
    botPluginMaybeParent: false,
    botReelPluginThumbnailCdnUrl: null,
    botMessageDisclaimerText: null,
    botMsgBodyType: null,
    reportingTokenInfo: { reportingToken: [Object], version: 2, reportingTag: [Object] },
    requiresDirectConnection: null,
    bizContentPlaceholderType: null,
    hostedBizEncStateMismatch: false,
    senderOrRecipientAccountTypeHosted: false,
    placeholderCreatedWhenAccountIsHosted: false,
    links: []
  },
  mediaKey: undefined,
  id: {
    fromMe: false,
    remote: '573215927725@c.us',
    id: '7A7FD1BCF3AF0BCA545C1EBE8F733FB5',
    _serialized: 'false_573215927725@c.us_7A7FD1BCF3AF0BCA545C1EBE8F733FB5'
  },
  ack: 1,
  hasMedia: false,
  body: 'Registrar',
  type: 'chat',
  timestamp: 1748286237,
  from: '573215927725',
  to: '573043762660@c.us',
  author: undefined,
  deviceType: 'android',
  isForwarded: false,
  forwardingScore: 0,
  isStatus: false,
  isStarred: false,
  broadcast: undefined,
  fromMe: false,
  hasQuotedMsg: false,
  hasReaction: false,
  duration: undefined,
  location: undefined,
  vCards: [],
  inviteV4: undefined,
  mentionedIds: [],
  groupMentions: [],
  orderId: undefined,
  token: undefined,
  isGif: false,
  isEphemeral: undefined,
  links: []
}
[QUEUE_SE_ENVIO]:  {
  ref: 'ans_9d8a8a7e-a6b3-42ac-bee0-6e3d759b76f6',
  keyword: 'key_a41e2b83-32fd-4fdb-bf5f-956b45b35e0e',
  answer: 'Perfecto. Vamos a registrar tus horas extras.',
  options: {
    media: null,
    buttons: [],
    capture: false,
    child: null,
    delay: 0,
    idle: null,
    ref: null,
    nested: [],
    keyword: {},
    callback: true
  },
  refSerialize: 'c9d801d15261226e175f0fdbc298dabf'
}
[QUEUE_SE_ENVIO]:  {
  ref: 'ans_adf40706-daec-4063-a22a-fa3a485af17a',
  keyword: 'ans_9d8a8a7e-a6b3-42ac-bee0-6e3d759b76f6',
  answer: 'Escribe tu código empresarial:',
  options: {
    media: null,
    buttons: [],
    capture: true,
    child: null,
    delay: 0,
    idle: null,
    ref: null,
    nested: [],
    keyword: {},
    callback: true
  },
  refSerialize: '00f136b85970d321e7983d1be6ed47fe'
}
[handleMsg]:  Message {
  _data: {
    id: {
      fromMe: false,
      remote: '573215927725@c.us',
      id: 'DA4D924390673E24B899B0CFA7658D3B',
      _serialized: 'false_573215927725@c.us_DA4D924390673E24B899B0CFA7658D3B'
    },
    viewed: false,
    body: 'AMDQDF5B',
    type: 'chat',
    t: 1748286243,
    notifyName: 'ESMITH 🌚',
    from: '573215927725@c.us',
    to: '573043762660@c.us',
    ack: 1,
    invis: false,
    isNewMsg: true,
    star: false,
    kicNotified: false,
    recvFresh: true,
    isFromTemplate: false,
    pollInvalidated: false,
    isSentCagPollCreation: false,
    latestEditMsgKey: null,
    latestEditSenderTimestampMs: null,
    mentionedJidList: [],
    groupMentions: [],
    isEventCanceled: false,
    eventInvalidated: false,
    isVcardOverMmsDocument: false,
    isForwarded: false,
    hasReaction: false,
    viewMode: 'VISIBLE',
    messageSecret: {
      '0': 185,
      '1': 254,
      '2': 209,
      '3': 75,
      '4': 91,
      '5': 153,
      '6': 109,
      '7': 255,
      '8': 89,
      '9': 214,
      '10': 238,
      '11': 58,
      '12': 63,
      '13': 162,
      '14': 101,
      '15': 137,
      '16': 111,
      '17': 122,
      '18': 47,
      '19': 47,
      '20': 19,
      '21': 105,
      '22': 152,
      '23': 108,
      '24': 126,
      '25': 53,
      '26': 53,
      '27': 179,
      '28': 41,
      '29': 63,
      '30': 179,
      '31': 218
    },
    productHeaderImageRejected: false,
    lastPlaybackProgress: 0,
    isDynamicReplyButtonsMsg: false,
    isCarouselCard: false,
    parentMsgId: null,
    callSilenceReason: null,
    isVideoCall: false,
    callDuration: null,
    callCreator: null,
    callParticipants: null,
    isMdHistoryMsg: false,
    stickerSentTs: 0,
    isAvatar: false,
    lastUpdateFromServerTs: 0,
    invokedBotWid: null,
    bizBotType: null,
    botResponseTargetId: null,
    botPluginType: null,
    botPluginReferenceIndex: null,
    botPluginSearchProvider: null,
    botPluginSearchUrl: null,
    botPluginSearchQuery: null,
    botPluginMaybeParent: false,
    botReelPluginThumbnailCdnUrl: null,
    botMessageDisclaimerText: null,
    botMsgBodyType: null,
    reportingTokenInfo: { reportingToken: [Object], version: 2, reportingTag: [Object] },
    requiresDirectConnection: null,
    bizContentPlaceholderType: null,
    hostedBizEncStateMismatch: false,
    senderOrRecipientAccountTypeHosted: false,
    placeholderCreatedWhenAccountIsHosted: false,
    links: []
  },
  mediaKey: undefined,
  id: {
    fromMe: false,
    remote: '573215927725@c.us',
    id: 'DA4D924390673E24B899B0CFA7658D3B',
    _serialized: 'false_573215927725@c.us_DA4D924390673E24B899B0CFA7658D3B'
  },
  ack: 1,
  hasMedia: false,
  body: 'AMDQDF5B',
  type: 'chat',
  timestamp: 1748286243,
  from: '573215927725',
  to: '573043762660@c.us',
  author: undefined,
  deviceType: 'android',
  isForwarded: false,
  forwardingScore: 0,
  isStatus: false,
  isStarred: false,
  broadcast: undefined,
  fromMe: false,
  hasQuotedMsg: false,
  hasReaction: false,
  duration: undefined,
  location: undefined,
  vCards: [],
  inviteV4: undefined,
  mentionedIds: [],
  groupMentions: [],
  orderId: undefined,
  token: undefined,
  isGif: false,
  isEphemeral: undefined,
  links: []
}
[QUEUE_SE_ENVIO]:  {
  ref: 'ans_c870cece-b476-4437-ae82-3f082110a5cc',
  keyword: 'ans_adf40706-daec-4063-a22a-fa3a485af17a',
  answer: 'Formato de fecha: YYYY-MM-DD',
  options: {
    media: null,
    buttons: [],
    capture: true,
    child: null,
    delay: 0,
    idle: null,
    ref: null,
    nested: [],
    keyword: {},
    callback: true
  },
  refSerialize: 'b2be4196816c2739e20711a045384a54'
}
[handleMsg]:  Message {
  _data: {
    id: {
      fromMe: false,
      remote: '573215927725@c.us',
      id: '8AFA46DC1CA1EFDBC80529BE410ACC25',
      _serialized: 'false_573215927725@c.us_8AFA46DC1CA1EFDBC80529BE410ACC25'
    },
    viewed: false,
    body: '2025-05-23',
    type: 'chat',
    t: 1748286262,
    notifyName: 'ESMITH 🌚',
    from: '573215927725@c.us',
    to: '573043762660@c.us',
    ack: 1,
    invis: false,
    isNewMsg: true,
    star: false,
    kicNotified: false,
    recvFresh: true,
    isFromTemplate: false,
    pollInvalidated: false,
    isSentCagPollCreation: false,
    latestEditMsgKey: null,
    latestEditSenderTimestampMs: null,
    mentionedJidList: [],
    groupMentions: [],
    isEventCanceled: false,
    eventInvalidated: false,
    isVcardOverMmsDocument: false,
    isForwarded: false,
    hasReaction: false,
    viewMode: 'VISIBLE',
    messageSecret: {
      '0': 47,
      '1': 141,
      '2': 108,
      '3': 92,
      '4': 109,
      '5': 168,
      '6': 145,
      '7': 210,
      '8': 48,
      '9': 148,
      '10': 210,
      '11': 153,
      '12': 31,
      '13': 130,
      '14': 60,
      '15': 19,
      '16': 117,
      '17': 26,
      '18': 187,
      '19': 92,
      '20': 85,
      '21': 121,
      '22': 116,
      '23': 251,
      '24': 15,
      '25': 57,
      '26': 254,
      '27': 59,
      '28': 237,
      '29': 243,
      '30': 208,
      '31': 81
    },
    productHeaderImageRejected: false,
    lastPlaybackProgress: 0,
    isDynamicReplyButtonsMsg: false,
    isCarouselCard: false,
    parentMsgId: null,
    callSilenceReason: null,
    isVideoCall: false,
    callDuration: null,
    callCreator: null,
    callParticipants: null,
    isMdHistoryMsg: false,
    stickerSentTs: 0,
    isAvatar: false,
    lastUpdateFromServerTs: 0,
    invokedBotWid: null,
    bizBotType: null,
    botResponseTargetId: null,
    botPluginType: null,
    botPluginReferenceIndex: null,
    botPluginSearchProvider: null,
    botPluginSearchUrl: null,
    botPluginSearchQuery: null,
    botPluginMaybeParent: false,
    botReelPluginThumbnailCdnUrl: null,
    botMessageDisclaimerText: null,
    botMsgBodyType: null,
    reportingTokenInfo: { reportingToken: [Object], version: 2, reportingTag: [Object] },
    requiresDirectConnection: null,
    bizContentPlaceholderType: null,
    hostedBizEncStateMismatch: false,
    senderOrRecipientAccountTypeHosted: false,
    placeholderCreatedWhenAccountIsHosted: false,
    links: []
  },
  mediaKey: undefined,
  id: {
    fromMe: false,
    remote: '573215927725@c.us',
    id: '8AFA46DC1CA1EFDBC80529BE410ACC25',
    _serialized: 'false_573215927725@c.us_8AFA46DC1CA1EFDBC80529BE410ACC25'
  },
  ack: 1,
  hasMedia: false,
  body: '2025-05-23',
  type: 'chat',
  timestamp: 1748286262,
  from: '573215927725',
  to: '573043762660@c.us',
  author: undefined,
  deviceType: 'android',
  isForwarded: false,
  forwardingScore: 0,
  isStatus: false,
  isStarred: false,
  broadcast: undefined,
  fromMe: false,
  hasQuotedMsg: false,
  hasReaction: false,
  duration: undefined,
  location: undefined,
  vCards: [],
  inviteV4: undefined,
  mentionedIds: [],
  groupMentions: [],
  orderId: undefined,
  token: undefined,
  isGif: false,
  isEphemeral: undefined,
  links: []
}
[QUEUE_SE_ENVIO]:  {
  ref: 'ans_d43d6849-5551-48e1-9796-dfb3977ef9a2',
  keyword: 'ans_c870cece-b476-4437-ae82-3f082110a5cc',
  answer: 'Formato de hora: HH:MM',
  options: {
    media: null,
    buttons: [],
    capture: true,
    child: null,
    delay: 0,
    idle: null,
    ref: null,
    nested: [],
    keyword: {},
    callback: true
  },
  refSerialize: '47db2249408c363360c0c1294c7d27d7'
}
[handleMsg]:  Message {
  _data: {
    id: {
      fromMe: false,
      remote: '573215927725@c.us',
      id: '39FEA9B6417C50B1AD768658F335B4F8',
      _serialized: 'false_573215927725@c.us_39FEA9B6417C50B1AD768658F335B4F8'
    },
    viewed: false,
    body: '21:00',
    type: 'chat',
    t: 1748286273,
    notifyName: 'ESMITH 🌚',
    from: '573215927725@c.us',
    to: '573043762660@c.us',
    ack: 1,
    invis: false,
    isNewMsg: true,
    star: false,
    kicNotified: false,
    recvFresh: true,
    isFromTemplate: false,
    pollInvalidated: false,
    isSentCagPollCreation: false,
    latestEditMsgKey: null,
    latestEditSenderTimestampMs: null,
    mentionedJidList: [],
    groupMentions: [],
    isEventCanceled: false,
    eventInvalidated: false,
    isVcardOverMmsDocument: false,
    isForwarded: false,
    hasReaction: false,
    viewMode: 'VISIBLE',
    messageSecret: {
      '0': 209,
      '1': 216,
      '2': 15,
      '3': 184,
      '4': 218,
      '5': 170,
      '6': 234,
      '7': 44,
      '8': 166,
      '9': 97,
      '10': 221,
      '11': 115,
      '12': 27,
      '13': 125,
      '14': 74,
      '15': 202,
      '16': 32,
      '17': 158,
      '18': 44,
      '19': 90,
      '20': 151,
      '21': 199,
      '22': 78,
      '23': 231,
      '24': 147,
      '25': 11,
      '26': 20,
      '27': 198,
      '28': 7,
      '29': 42,
      '30': 120,
      '31': 13
    },
    productHeaderImageRejected: false,
    lastPlaybackProgress: 0,
    isDynamicReplyButtonsMsg: false,
    isCarouselCard: false,
    parentMsgId: null,
    callSilenceReason: null,
    isVideoCall: false,
    callDuration: null,
    callCreator: null,
    callParticipants: null,
    isMdHistoryMsg: false,
    stickerSentTs: 0,
    isAvatar: false,
    lastUpdateFromServerTs: 0,
    invokedBotWid: null,
    bizBotType: null,
    botResponseTargetId: null,
    botPluginType: null,
    botPluginReferenceIndex: null,
    botPluginSearchProvider: null,
    botPluginSearchUrl: null,
    botPluginSearchQuery: null,
    botPluginMaybeParent: false,
    botReelPluginThumbnailCdnUrl: null,
    botMessageDisclaimerText: null,
    botMsgBodyType: null,
    reportingTokenInfo: { reportingToken: [Object], version: 2, reportingTag: [Object] },
    requiresDirectConnection: null,
    bizContentPlaceholderType: null,
    hostedBizEncStateMismatch: false,
    senderOrRecipientAccountTypeHosted: false,
    placeholderCreatedWhenAccountIsHosted: false,
    links: []
  },
  mediaKey: undefined,
  id: {
    fromMe: false,
    remote: '573215927725@c.us',
    id: '39FEA9B6417C50B1AD768658F335B4F8',
    _serialized: 'false_573215927725@c.us_39FEA9B6417C50B1AD768658F335B4F8'
  },
  ack: 1,
  hasMedia: false,
  body: '21:00',
  type: 'chat',
  timestamp: 1748286273,
  from: '573215927725',
  to: '573043762660@c.us',
  author: undefined,
  deviceType: 'android',
  isForwarded: false,
  forwardingScore: 0,
  isStatus: false,
  isStarred: false,
  broadcast: undefined,
  fromMe: false,
  hasQuotedMsg: false,
  hasReaction: false,
  duration: undefined,
  location: undefined,
  vCards: [],
  inviteV4: undefined,
  mentionedIds: [],
  groupMentions: [],
  orderId: undefined,
  token: undefined,
  isGif: false,
  isEphemeral: undefined,
  links: []
}
[QUEUE_SE_ENVIO]:  {
  ref: 'ans_255311a8-c992-4005-ac41-b9d5fb307a24',
  keyword: 'ans_d43d6849-5551-48e1-9796-dfb3977ef9a2',
  answer: 'Formato de hora: HH:MM',
  options: {
    media: null,
    buttons: [],
    capture: true,
    child: null,
    delay: 0,
    idle: null,
    ref: null,
    nested: [],
    keyword: {},
    callback: true
  },
  refSerialize: '204906796a184dce8f3e855068615a3b'
}
[handleMsg]:  Message {
  _data: {
    id: {
      fromMe: false,
      remote: '573215927725@c.us',
      id: '001156E32E2BA66D1C1C005B860B14C9',
      _serialized: 'false_573215927725@c.us_001156E32E2BA66D1C1C005B860B14C9'
    },
    viewed: false,
    body: '23:00',
    type: 'chat',
    t: 1748286280,
    notifyName: 'ESMITH 🌚',
    from: '573215927725@c.us',
    to: '573043762660@c.us',
    ack: 1,
    invis: false,
    isNewMsg: true,
    star: false,
    kicNotified: false,
    recvFresh: true,
    isFromTemplate: false,
    pollInvalidated: false,
    isSentCagPollCreation: false,
    latestEditMsgKey: null,
    latestEditSenderTimestampMs: null,
    mentionedJidList: [],
    groupMentions: [],
    isEventCanceled: false,
    eventInvalidated: false,
    isVcardOverMmsDocument: false,
    isForwarded: false,
    hasReaction: false,
    viewMode: 'VISIBLE',
    messageSecret: {
      '0': 80,
      '1': 39,
      '2': 20,
      '3': 251,
      '4': 188,
      '5': 198,
      '6': 126,
      '7': 114,
      '8': 195,
      '9': 182,
      '10': 100,
      '11': 201,
      '12': 50,
      '13': 175,
      '14': 116,
      '15': 16,
      '16': 162,
      '17': 54,
      '18': 221,
      '19': 77,
      '20': 53,
      '21': 34,
      '22': 154,
      '23': 206,
      '24': 129,
      '25': 36,
      '26': 1,
      '27': 111,
      '28': 252,
      '29': 136,
      '30': 13,
      '31': 108
    },
    productHeaderImageRejected: false,
    lastPlaybackProgress: 0,
    isDynamicReplyButtonsMsg: false,
    isCarouselCard: false,
    parentMsgId: null,
    callSilenceReason: null,
    isVideoCall: false,
    callDuration: null,
    callCreator: null,
    callParticipants: null,
    isMdHistoryMsg: false,
    stickerSentTs: 0,
    isAvatar: false,
    lastUpdateFromServerTs: 0,
    invokedBotWid: null,
    bizBotType: null,
    botResponseTargetId: null,
    botPluginType: null,
    botPluginReferenceIndex: null,
    botPluginSearchProvider: null,
    botPluginSearchUrl: null,
    botPluginSearchQuery: null,
    botPluginMaybeParent: false,
    botReelPluginThumbnailCdnUrl: null,
    botMessageDisclaimerText: null,
    botMsgBodyType: null,
    reportingTokenInfo: { reportingToken: [Object], version: 2, reportingTag: [Object] },
    requiresDirectConnection: null,
    bizContentPlaceholderType: null,
    hostedBizEncStateMismatch: false,
    senderOrRecipientAccountTypeHosted: false,
    placeholderCreatedWhenAccountIsHosted: false,
    links: []
  },
  mediaKey: undefined,
  id: {
    fromMe: false,
    remote: '573215927725@c.us',
    id: '001156E32E2BA66D1C1C005B860B14C9',
    _serialized: 'false_573215927725@c.us_001156E32E2BA66D1C1C005B860B14C9'
  },
  ack: 1,
  hasMedia: false,
  body: '23:00',
  type: 'chat',
  timestamp: 1748286280,
  from: '573215927725',
  to: '573043762660@c.us',
  author: undefined,
  deviceType: 'android',
  isForwarded: false,
  forwardingScore: 0,
  isStatus: false,
  isStarred: false,
  broadcast: undefined,
  fromMe: false,
  hasQuotedMsg: false,
  hasReaction: false,
  duration: undefined,
  location: undefined,
  vCards: [],
  inviteV4: undefined,
  mentionedIds: [],
  groupMentions: [],
  orderId: undefined,
  token: undefined,
  isGif: false,
  isEphemeral: undefined,
  links: []
}
[handleMsg]:  Message {
  _data: {
    id: {
      fromMe: false,
      remote: '573215927725@c.us',
      id: '9A0F765D5D7B811F4E24A6503EDEF5C1',
      _serialized: 'false_573215927725@c.us_9A0F765D5D7B811F4E24A6503EDEF5C1'
    },
    viewed: false,
    body: 'Gracias',
    type: 'chat',
    t: 1748286318,
    notifyName: 'ESMITH 🌚',
    from: '573215927725@c.us',
    to: '573043762660@c.us',
    ack: 1,
    invis: false,
    isNewMsg: true,
    star: false,
    kicNotified: false,
    recvFresh: true,
    isFromTemplate: false,
    pollInvalidated: false,
    isSentCagPollCreation: false,
    latestEditMsgKey: null,
    latestEditSenderTimestampMs: null,
    mentionedJidList: [],
    groupMentions: [],
    isEventCanceled: false,
    eventInvalidated: false,
    isVcardOverMmsDocument: false,
    isForwarded: false,
    hasReaction: false,
    viewMode: 'VISIBLE',
    messageSecret: {
      '0': 248,
      '1': 151,
      '2': 190,
      '3': 16,
      '4': 104,
      '5': 68,
      '6': 83,
      '7': 6,
      '8': 165,
      '9': 142,
      '10': 253,
      '11': 237,
      '12': 17,
      '13': 199,
      '14': 84,
      '15': 38,
      '16': 11,
      '17': 103,
      '18': 5,
      '19': 207,
      '20': 134,
      '21': 113,
      '22': 199,
      '23': 156,
      '24': 224,
      '25': 174,
      '26': 240,
      '27': 189,
      '28': 4,
      '29': 253,
      '30': 47,
      '31': 201
    },
    productHeaderImageRejected: false,
    lastPlaybackProgress: 0,
    isDynamicReplyButtonsMsg: false,
    isCarouselCard: false,
    parentMsgId: null,
    callSilenceReason: null,
    isVideoCall: false,
    callDuration: null,
    callCreator: null,
    callParticipants: null,
    isMdHistoryMsg: false,
    stickerSentTs: 0,
    isAvatar: false,
    lastUpdateFromServerTs: 0,
    invokedBotWid: null,
    bizBotType: null,
    botResponseTargetId: null,
    botPluginType: null,
    botPluginReferenceIndex: null,
    botPluginSearchProvider: null,
    botPluginSearchUrl: null,
    botPluginSearchQuery: null,
    botPluginMaybeParent: false,
    botReelPluginThumbnailCdnUrl: null,
    botMessageDisclaimerText: null,
    botMsgBodyType: null,
    reportingTokenInfo: { reportingToken: [Object], version: 2, reportingTag: [Object] },
    requiresDirectConnection: null,
    bizContentPlaceholderType: null,
    hostedBizEncStateMismatch: false,
    senderOrRecipientAccountTypeHosted: false,
    placeholderCreatedWhenAccountIsHosted: false,
    links: []
  },
  mediaKey: undefined,
  id: {
    fromMe: false,
    remote: '573215927725@c.us',
    id: '9A0F765D5D7B811F4E24A6503EDEF5C1',
    _serialized: 'false_573215927725@c.us_9A0F765D5D7B811F4E24A6503EDEF5C1'
  },
  ack: 1,
  hasMedia: false,
  body: 'Gracias',
  type: 'chat',
  timestamp: 1748286318,
  from: '573215927725',
  to: '573043762660@c.us',
  author: undefined,
  deviceType: 'android',
  isForwarded: false,
  forwardingScore: 0,
  isStatus: false,
  isStarred: false,
  broadcast: undefined,
  fromMe: false,
  hasQuotedMsg: false,
  hasReaction: false,
  duration: undefined,
  location: undefined,
  vCards: [],
  inviteV4: undefined,
  mentionedIds: [],
  groupMentions: [],
  orderId: undefined,
  token: undefined,
  isGif: false,
  isEphemeral: undefined,
  links: []
}
[QUEUE_SE_ENVIO]:  {
  ref: 'ans_9a12d0d9-5ce0-4d9b-bf4e-2a130a96374c',
  keyword: 'key_c51c116e-1eb0-474a-b2db-c9204c62d90b',
  answer: 'Fue un placer servirte, que tengas un buen día. 😊',
  options: {
    media: null,
    buttons: [],
    capture: false,
    child: null,
    delay: 0,
    idle: null,
    ref: null,
    nested: [],
    keyword: {},
    callback: true
  },
  refSerialize: '75b895f87cb1a0db05ffd9430245c4de'
}
