573215927725:ENCOLADO ans_0fd8c4aa-2f4a-4c0c-b277-42bd60a3cf07
EJECUTANDO:ans_0fd8c4aa-2f4a-4c0c-b277-42bd60a3cf07
573215927725:SUCCESS
573215927725:ENCOLADO ans_eaedffe4-2d7a-490b-bc9b-2ab37839b4f8
EJECUTANDO:ans_eaedffe4-2d7a-490b-bc9b-2ab37839b4f8
573215927725:SUCCESS
573215927725:ENCOLADO ans_9d8a8a7e-a6b3-42ac-bee0-6e3d759b76f6
EJECUTANDO:ans_9d8a8a7e-a6b3-42ac-bee0-6e3d759b76f6
573215927725:SUCCESS
573215927725:ENCOLADO ans_adf40706-daec-4063-a22a-fa3a485af17a
EJECUTANDO:ans_adf40706-daec-4063-a22a-fa3a485af17a
573215927725:SUCCESS
573215927725:ENCOLADO ans_c870cece-b476-4437-ae82-3f082110a5cc
EJECUTANDO:ans_c870cece-b476-4437-ae82-3f082110a5cc
573215927725:SUCCESS
573215927725:ENCOLADO ans_d43d6849-5551-48e1-9796-dfb3977ef9a2
EJECUTANDO:ans_d43d6849-5551-48e1-9796-dfb3977ef9a2
573215927725:SUCCESS
573215927725:ENCOLADO ans_255311a8-c992-4005-ac41-b9d5fb307a24
EJECUTANDO:ans_255311a8-c992-4005-ac41-b9d5fb307a24
573215927725:SUCCESS
573215927725:ENCOLADO ans_9a12d0d9-5ce0-4d9b-bf4e-2a130a96374c
EJECUTANDO:ans_9a12d0d9-5ce0-4d9b-bf4e-2a130a96374c
573215927725:SUCCESS
