[handleMsg]:  Message {
  _data: {
    id: {
      fromMe: false,
      remote: '573043762660@c.us',
      id: '3FDD6F5E2A65D7571921',
      _serialized: 'false_573043762660@c.us_3FDD6F5E2A65D7571921'
    },
    viewed: false,
    body: 'Hola',
    type: 'chat',
    t: 1743723501,
    notifyName: 'Juliana',
    from: '573043762660@c.us',
    to: '573016064115@c.us',
    ack: 1,
    invis: false,
    isNewMsg: true,
    star: false,
    kicNotified: false,
    recvFresh: true,
    isFromTemplate: false,
    thumbnail: '',
    pollInvalidated: false,
    isSentCagPollCreation: false,
    latestEditMsgKey: null,
    latestEditSenderTimestampMs: null,
    mentionedJidList: [],
    groupMentions: [],
    isEventCanceled: false,
    eventInvalidated: false,
    isVcardOverMmsDocument: false,
    hasReaction: false,
    ephemeralDuration: 0,
    ephemeralSettingTimestamp: 0,
    disappearingModeInitiator: 'chat',
    disappearingModeTrigger: 'chat_settings',
    viewMode: 'VISIBLE',
    productHeaderImageRejected: false,
    lastPlaybackProgress: 0,
    isDynamicReplyButtonsMsg: false,
    isCarouselCard: false,
    parentMsgId: null,
    callSilenceReason: null,
    isVideoCall: false,
    callDuration: null,
    callParticipants: null,
    isMdHistoryMsg: false,
    stickerSentTs: 0,
    isAvatar: false,
    lastUpdateFromServerTs: 0,
    invokedBotWid: null,
    bizBotType: null,
    botResponseTargetId: null,
    botPluginType: null,
    botPluginReferenceIndex: null,
    botPluginSearchProvider: null,
    botPluginSearchUrl: null,
    botPluginSearchQuery: null,
    botPluginMaybeParent: false,
    botReelPluginThumbnailCdnUrl: null,
    botMsgBodyType: null,
    reportingTokenInfo: { reportingTag: [Object] },
    requiresDirectConnection: null,
    bizContentPlaceholderType: null,
    hostedBizEncStateMismatch: false,
    senderOrRecipientAccountTypeHosted: false,
    placeholderCreatedWhenAccountIsHosted: false,
    links: []
  },
  mediaKey: undefined,
  id: {
    fromMe: false,
    remote: '573043762660@c.us',
    id: '3FDD6F5E2A65D7571921',
    _serialized: 'false_573043762660@c.us_3FDD6F5E2A65D7571921'
  },
  ack: 1,
  hasMedia: false,
  body: 'Hola',
  type: 'chat',
  timestamp: 1743723501,
  from: '573043762660',
  to: '573016064115@c.us',
  author: undefined,
  deviceType: 'web',
  isForwarded: undefined,
  forwardingScore: 0,
  isStatus: false,
  isStarred: false,
  broadcast: undefined,
  fromMe: false,
  hasQuotedMsg: false,
  hasReaction: false,
  duration: undefined,
  location: undefined,
  vCards: [],
  inviteV4: undefined,
  mentionedIds: [],
  groupMentions: [],
  orderId: undefined,
  token: undefined,
  isGif: false,
  isEphemeral: undefined,
  links: []
}
[QUEUE_SE_ENVIO]:  {
  ref: 'ans_832ccc0f-975b-4184-916f-ba1a648a51af',
  keyword: 'key_75d1d0c5-35c7-4d91-96bb-fd4c41b617b9',
  answer: '🙌 Hola, bienvenido al *Bot de Registro de Horas Extras*',
  options: {
    media: null,
    buttons: [],
    capture: false,
    child: null,
    delay: 0,
    idle: null,
    ref: null,
    nested: [],
    keyword: {},
    callback: true
  },
  refSerialize: '5684af16dab4ce5d398e565313beae5c'
}
[QUEUE_SE_ENVIO]:  {
  ref: 'ans_e442ffca-8980-44b1-ac36-8c440f5e1c30',
  keyword: 'ans_832ccc0f-975b-4184-916f-ba1a648a51af',
  answer: '¿Deseas registrar horas extras?\n' +
    '👉 Responde "Registrar" para iniciar el proceso\n' +
    '👉 Responde "Gracias" para salir',
  options: {
    media: null,
    buttons: [],
    capture: false,
    child: null,
    delay: 0,
    idle: null,
    ref: null,
    nested: [
      [Object], [Object],
      [Object], [Object],
      [Object], [Object],
      [Object], [Object]
    ],
    keyword: {},
    callback: true
  },
  refSerialize: 'd4bf76b1128ed5453390b7768b53741d'
}
[handleMsg]:  Message {
  _data: {
    id: {
      fromMe: false,
      remote: '573043762660@c.us',
      id: '3F029BDD7FADB009ECC6',
      _serialized: 'false_573043762660@c.us_3F029BDD7FADB009ECC6'
    },
    viewed: false,
    body: 'Registrar',
    type: 'chat',
    t: 1743723509,
    notifyName: 'Juliana',
    from: '573043762660@c.us',
    to: '573016064115@c.us',
    ack: 1,
    invis: false,
    isNewMsg: true,
    star: false,
    kicNotified: false,
    recvFresh: true,
    isFromTemplate: false,
    thumbnail: '',
    pollInvalidated: false,
    isSentCagPollCreation: false,
    latestEditMsgKey: null,
    latestEditSenderTimestampMs: null,
    mentionedJidList: [],
    groupMentions: [],
    isEventCanceled: false,
    eventInvalidated: false,
    isVcardOverMmsDocument: false,
    hasReaction: false,
    ephemeralDuration: 0,
    ephemeralSettingTimestamp: 0,
    disappearingModeInitiator: 'chat',
    disappearingModeTrigger: 'chat_settings',
    viewMode: 'VISIBLE',
    productHeaderImageRejected: false,
    lastPlaybackProgress: 0,
    isDynamicReplyButtonsMsg: false,
    isCarouselCard: false,
    parentMsgId: null,
    callSilenceReason: null,
    isVideoCall: false,
    callDuration: null,
    callParticipants: null,
    isMdHistoryMsg: false,
    stickerSentTs: 0,
    isAvatar: false,
    lastUpdateFromServerTs: 0,
    invokedBotWid: null,
    bizBotType: null,
    botResponseTargetId: null,
    botPluginType: null,
    botPluginReferenceIndex: null,
    botPluginSearchProvider: null,
    botPluginSearchUrl: null,
    botPluginSearchQuery: null,
    botPluginMaybeParent: false,
    botReelPluginThumbnailCdnUrl: null,
    botMsgBodyType: null,
    reportingTokenInfo: { reportingTag: [Object] },
    requiresDirectConnection: null,
    bizContentPlaceholderType: null,
    hostedBizEncStateMismatch: false,
    senderOrRecipientAccountTypeHosted: false,
    placeholderCreatedWhenAccountIsHosted: false,
    links: []
  },
  mediaKey: undefined,
  id: {
    fromMe: false,
    remote: '573043762660@c.us',
    id: '3F029BDD7FADB009ECC6',
    _serialized: 'false_573043762660@c.us_3F029BDD7FADB009ECC6'
  },
  ack: 1,
  hasMedia: false,
  body: 'Registrar',
  type: 'chat',
  timestamp: 1743723509,
  from: '573043762660',
  to: '573016064115@c.us',
  author: undefined,
  deviceType: 'web',
  isForwarded: undefined,
  forwardingScore: 0,
  isStatus: false,
  isStarred: false,
  broadcast: undefined,
  fromMe: false,
  hasQuotedMsg: false,
  hasReaction: false,
  duration: undefined,
  location: undefined,
  vCards: [],
  inviteV4: undefined,
  mentionedIds: [],
  groupMentions: [],
  orderId: undefined,
  token: undefined,
  isGif: false,
  isEphemeral: undefined,
  links: []
}
[QUEUE_SE_ENVIO]:  {
  ref: 'ans_5046a28f-4c55-4fa6-b367-5e6e73b7dea4',
  keyword: 'key_bb2f18df-0027-4bd4-90f8-16d59b875fe8',
  answer: 'Perfecto. Vamos a registrar tus horas extras.',
  options: {
    media: null,
    buttons: [],
    capture: false,
    child: null,
    delay: 0,
    idle: null,
    ref: null,
    nested: [],
    keyword: {},
    callback: true
  },
  refSerialize: 'd01fa4dcd626866968bc136c1645f2a1'
}
[QUEUE_SE_ENVIO]:  {
  ref: 'ans_54721bf3-b7b9-4757-9fc7-632ec03d5e9d',
  keyword: 'ans_5046a28f-4c55-4fa6-b367-5e6e73b7dea4',
  answer: 'Escribe tu código empresarial:',
  options: {
    media: null,
    buttons: [],
    capture: true,
    child: null,
    delay: 0,
    idle: null,
    ref: null,
    nested: [],
    keyword: {},
    callback: true
  },
  refSerialize: 'c5f2cc73d2de616fbf0b7649b50b9745'
}
[handleMsg]:  Message {
  _data: {
    id: {
      fromMe: false,
      remote: '573043762660@c.us',
      id: '3F877F9D36C601878D92',
      _serialized: 'false_573043762660@c.us_3F877F9D36C601878D92'
    },
    viewed: false,
    body: 'AMDJIWI9',
    type: 'chat',
    t: 1743723523,
    notifyName: 'Juliana',
    from: '573043762660@c.us',
    to: '573016064115@c.us',
    ack: 1,
    invis: false,
    isNewMsg: true,
    star: false,
    kicNotified: false,
    recvFresh: true,
    isFromTemplate: false,
    thumbnail: '',
    pollInvalidated: false,
    isSentCagPollCreation: false,
    latestEditMsgKey: null,
    latestEditSenderTimestampMs: null,
    mentionedJidList: [],
    groupMentions: [],
    isEventCanceled: false,
    eventInvalidated: false,
    isVcardOverMmsDocument: false,
    hasReaction: false,
    ephemeralDuration: 0,
    ephemeralSettingTimestamp: 0,
    disappearingModeInitiator: 'chat',
    disappearingModeTrigger: 'chat_settings',
    viewMode: 'VISIBLE',
    productHeaderImageRejected: false,
    lastPlaybackProgress: 0,
    isDynamicReplyButtonsMsg: false,
    isCarouselCard: false,
    parentMsgId: null,
    callSilenceReason: null,
    isVideoCall: false,
    callDuration: null,
    callParticipants: null,
    isMdHistoryMsg: false,
    stickerSentTs: 0,
    isAvatar: false,
    lastUpdateFromServerTs: 0,
    invokedBotWid: null,
    bizBotType: null,
    botResponseTargetId: null,
    botPluginType: null,
    botPluginReferenceIndex: null,
    botPluginSearchProvider: null,
    botPluginSearchUrl: null,
    botPluginSearchQuery: null,
    botPluginMaybeParent: false,
    botReelPluginThumbnailCdnUrl: null,
    botMsgBodyType: null,
    reportingTokenInfo: { reportingTag: [Object] },
    requiresDirectConnection: null,
    bizContentPlaceholderType: null,
    hostedBizEncStateMismatch: false,
    senderOrRecipientAccountTypeHosted: false,
    placeholderCreatedWhenAccountIsHosted: false,
    links: []
  },
  mediaKey: undefined,
  id: {
    fromMe: false,
    remote: '573043762660@c.us',
    id: '3F877F9D36C601878D92',
    _serialized: 'false_573043762660@c.us_3F877F9D36C601878D92'
  },
  ack: 1,
  hasMedia: false,
  body: 'AMDJIWI9',
  type: 'chat',
  timestamp: 1743723523,
  from: '573043762660',
  to: '573016064115@c.us',
  author: undefined,
  deviceType: 'web',
  isForwarded: undefined,
  forwardingScore: 0,
  isStatus: false,
  isStarred: false,
  broadcast: undefined,
  fromMe: false,
  hasQuotedMsg: false,
  hasReaction: false,
  duration: undefined,
  location: undefined,
  vCards: [],
  inviteV4: undefined,
  mentionedIds: [],
  groupMentions: [],
  orderId: undefined,
  token: undefined,
  isGif: false,
  isEphemeral: undefined,
  links: []
}
[QUEUE_SE_ENVIO]:  {
  ref: 'ans_ceaf065a-16dd-4bec-98e3-6b14a6f76dbf',
  keyword: 'ans_54721bf3-b7b9-4757-9fc7-632ec03d5e9d',
  answer: 'Formato de fecha: YYYY-MM-DD',
  options: {
    media: null,
    buttons: [],
    capture: true,
    child: null,
    delay: 0,
    idle: null,
    ref: null,
    nested: [],
    keyword: {},
    callback: true
  },
  refSerialize: '3707d0ac493a20177e11929e9ec9fce3'
}
[handleMsg]:  Message {
  _data: {
    id: {
      fromMe: false,
      remote: '573043762660@c.us',
      id: '3FA89BE3A97B7F1604A0',
      _serialized: 'false_573043762660@c.us_3FA89BE3A97B7F1604A0'
    },
    viewed: false,
    body: '2025-04-03',
    type: 'chat',
    t: 1743723545,
    notifyName: 'Juliana',
    from: '573043762660@c.us',
    to: '573016064115@c.us',
    ack: 1,
    invis: false,
    isNewMsg: true,
    star: false,
    kicNotified: false,
    recvFresh: true,
    isFromTemplate: false,
    thumbnail: '',
    pollInvalidated: false,
    isSentCagPollCreation: false,
    latestEditMsgKey: null,
    latestEditSenderTimestampMs: null,
    mentionedJidList: [],
    groupMentions: [],
    isEventCanceled: false,
    eventInvalidated: false,
    isVcardOverMmsDocument: false,
    hasReaction: false,
    ephemeralDuration: 0,
    ephemeralSettingTimestamp: 0,
    disappearingModeInitiator: 'chat',
    disappearingModeTrigger: 'chat_settings',
    viewMode: 'VISIBLE',
    productHeaderImageRejected: false,
    lastPlaybackProgress: 0,
    isDynamicReplyButtonsMsg: false,
    isCarouselCard: false,
    parentMsgId: null,
    callSilenceReason: null,
    isVideoCall: false,
    callDuration: null,
    callParticipants: null,
    isMdHistoryMsg: false,
    stickerSentTs: 0,
    isAvatar: false,
    lastUpdateFromServerTs: 0,
    invokedBotWid: null,
    bizBotType: null,
    botResponseTargetId: null,
    botPluginType: null,
    botPluginReferenceIndex: null,
    botPluginSearchProvider: null,
    botPluginSearchUrl: null,
    botPluginSearchQuery: null,
    botPluginMaybeParent: false,
    botReelPluginThumbnailCdnUrl: null,
    botMsgBodyType: null,
    reportingTokenInfo: { reportingTag: [Object] },
    requiresDirectConnection: null,
    bizContentPlaceholderType: null,
    hostedBizEncStateMismatch: false,
    senderOrRecipientAccountTypeHosted: false,
    placeholderCreatedWhenAccountIsHosted: false,
    links: []
  },
  mediaKey: undefined,
  id: {
    fromMe: false,
    remote: '573043762660@c.us',
    id: '3FA89BE3A97B7F1604A0',
    _serialized: 'false_573043762660@c.us_3FA89BE3A97B7F1604A0'
  },
  ack: 1,
  hasMedia: false,
  body: '2025-04-03',
  type: 'chat',
  timestamp: 1743723545,
  from: '573043762660',
  to: '573016064115@c.us',
  author: undefined,
  deviceType: 'web',
  isForwarded: undefined,
  forwardingScore: 0,
  isStatus: false,
  isStarred: false,
  broadcast: undefined,
  fromMe: false,
  hasQuotedMsg: false,
  hasReaction: false,
  duration: undefined,
  location: undefined,
  vCards: [],
  inviteV4: undefined,
  mentionedIds: [],
  groupMentions: [],
  orderId: undefined,
  token: undefined,
  isGif: false,
  isEphemeral: undefined,
  links: []
}
[QUEUE_SE_ENVIO]:  {
  ref: 'ans_cd02826a-1238-499e-9f7a-a2d01dc2bc73',
  keyword: 'ans_ceaf065a-16dd-4bec-98e3-6b14a6f76dbf',
  answer: 'Formato de hora: HH:MM',
  options: {
    media: null,
    buttons: [],
    capture: true,
    child: null,
    delay: 0,
    idle: null,
    ref: null,
    nested: [],
    keyword: {},
    callback: true
  },
  refSerialize: 'b554b9b551ddd496817f7eda85d82927'
}
[handleMsg]:  Message {
  _data: {
    id: {
      fromMe: false,
      remote: '573043762660@c.us',
      id: '3FCE7B073CCECF393981',
      _serialized: 'false_573043762660@c.us_3FCE7B073CCECF393981'
    },
    viewed: false,
    body: '06:00',
    type: 'chat',
    t: 1743723554,
    notifyName: 'Juliana',
    from: '573043762660@c.us',
    to: '573016064115@c.us',
    ack: 1,
    invis: false,
    isNewMsg: true,
    star: false,
    kicNotified: false,
    recvFresh: true,
    isFromTemplate: false,
    thumbnail: '',
    pollInvalidated: false,
    isSentCagPollCreation: false,
    latestEditMsgKey: null,
    latestEditSenderTimestampMs: null,
    mentionedJidList: [],
    groupMentions: [],
    isEventCanceled: false,
    eventInvalidated: false,
    isVcardOverMmsDocument: false,
    hasReaction: false,
    ephemeralDuration: 0,
    ephemeralSettingTimestamp: 0,
    disappearingModeInitiator: 'chat',
    disappearingModeTrigger: 'chat_settings',
    viewMode: 'VISIBLE',
    productHeaderImageRejected: false,
    lastPlaybackProgress: 0,
    isDynamicReplyButtonsMsg: false,
    isCarouselCard: false,
    parentMsgId: null,
    callSilenceReason: null,
    isVideoCall: false,
    callDuration: null,
    callParticipants: null,
    isMdHistoryMsg: false,
    stickerSentTs: 0,
    isAvatar: false,
    lastUpdateFromServerTs: 0,
    invokedBotWid: null,
    bizBotType: null,
    botResponseTargetId: null,
    botPluginType: null,
    botPluginReferenceIndex: null,
    botPluginSearchProvider: null,
    botPluginSearchUrl: null,
    botPluginSearchQuery: null,
    botPluginMaybeParent: false,
    botReelPluginThumbnailCdnUrl: null,
    botMsgBodyType: null,
    reportingTokenInfo: { reportingTag: [Object] },
    requiresDirectConnection: null,
    bizContentPlaceholderType: null,
    hostedBizEncStateMismatch: false,
    senderOrRecipientAccountTypeHosted: false,
    placeholderCreatedWhenAccountIsHosted: false,
    links: []
  },
  mediaKey: undefined,
  id: {
    fromMe: false,
    remote: '573043762660@c.us',
    id: '3FCE7B073CCECF393981',
    _serialized: 'false_573043762660@c.us_3FCE7B073CCECF393981'
  },
  ack: 1,
  hasMedia: false,
  body: '06:00',
  type: 'chat',
  timestamp: 1743723554,
  from: '573043762660',
  to: '573016064115@c.us',
  author: undefined,
  deviceType: 'web',
  isForwarded: undefined,
  forwardingScore: 0,
  isStatus: false,
  isStarred: false,
  broadcast: undefined,
  fromMe: false,
  hasQuotedMsg: false,
  hasReaction: false,
  duration: undefined,
  location: undefined,
  vCards: [],
  inviteV4: undefined,
  mentionedIds: [],
  groupMentions: [],
  orderId: undefined,
  token: undefined,
  isGif: false,
  isEphemeral: undefined,
  links: []
}
[QUEUE_SE_ENVIO]:  {
  ref: 'ans_0662cf9f-fe49-45b4-940b-1a4b3e6d1fd7',
  keyword: 'ans_cd02826a-1238-499e-9f7a-a2d01dc2bc73',
  answer: 'Formato de hora: HH:MM',
  options: {
    media: null,
    buttons: [],
    capture: true,
    child: null,
    delay: 0,
    idle: null,
    ref: null,
    nested: [],
    keyword: {},
    callback: true
  },
  refSerialize: 'e642721cfefdc1fd9c5aeba4e7926f6d'
}
[handleMsg]:  Message {
  _data: {
    id: {
      fromMe: false,
      remote: '573043762660@c.us',
      id: '3FDF55D48F28E9D68ABB',
      _serialized: 'false_573043762660@c.us_3FDF55D48F28E9D68ABB'
    },
    viewed: false,
    body: '08:00',
    type: 'chat',
    t: 1743723559,
    notifyName: 'Juliana',
    from: '573043762660@c.us',
    to: '573016064115@c.us',
    ack: 1,
    invis: false,
    isNewMsg: true,
    star: false,
    kicNotified: false,
    recvFresh: true,
    isFromTemplate: false,
    thumbnail: '',
    pollInvalidated: false,
    isSentCagPollCreation: false,
    latestEditMsgKey: null,
    latestEditSenderTimestampMs: null,
    mentionedJidList: [],
    groupMentions: [],
    isEventCanceled: false,
    eventInvalidated: false,
    isVcardOverMmsDocument: false,
    hasReaction: false,
    ephemeralDuration: 0,
    ephemeralSettingTimestamp: 0,
    disappearingModeInitiator: 'chat',
    disappearingModeTrigger: 'chat_settings',
    viewMode: 'VISIBLE',
    productHeaderImageRejected: false,
    lastPlaybackProgress: 0,
    isDynamicReplyButtonsMsg: false,
    isCarouselCard: false,
    parentMsgId: null,
    callSilenceReason: null,
    isVideoCall: false,
    callDuration: null,
    callParticipants: null,
    isMdHistoryMsg: false,
    stickerSentTs: 0,
    isAvatar: false,
    lastUpdateFromServerTs: 0,
    invokedBotWid: null,
    bizBotType: null,
    botResponseTargetId: null,
    botPluginType: null,
    botPluginReferenceIndex: null,
    botPluginSearchProvider: null,
    botPluginSearchUrl: null,
    botPluginSearchQuery: null,
    botPluginMaybeParent: false,
    botReelPluginThumbnailCdnUrl: null,
    botMsgBodyType: null,
    reportingTokenInfo: { reportingTag: [Object] },
    requiresDirectConnection: null,
    bizContentPlaceholderType: null,
    hostedBizEncStateMismatch: false,
    senderOrRecipientAccountTypeHosted: false,
    placeholderCreatedWhenAccountIsHosted: false,
    links: []
  },
  mediaKey: undefined,
  id: {
    fromMe: false,
    remote: '573043762660@c.us',
    id: '3FDF55D48F28E9D68ABB',
    _serialized: 'false_573043762660@c.us_3FDF55D48F28E9D68ABB'
  },
  ack: 1,
  hasMedia: false,
  body: '08:00',
  type: 'chat',
  timestamp: 1743723559,
  from: '573043762660',
  to: '573016064115@c.us',
  author: undefined,
  deviceType: 'web',
  isForwarded: undefined,
  forwardingScore: 0,
  isStatus: false,
  isStarred: false,
  broadcast: undefined,
  fromMe: false,
  hasQuotedMsg: false,
  hasReaction: false,
  duration: undefined,
  location: undefined,
  vCards: [],
  inviteV4: undefined,
  mentionedIds: [],
  groupMentions: [],
  orderId: undefined,
  token: undefined,
  isGif: false,
  isEphemeral: undefined,
  links: []
}
[handleMsg]:  Message {
  _data: {
    id: {
      fromMe: false,
      remote: '573043762660@c.us',
      id: '3FF97324DDAE173D41B7',
      _serialized: 'false_573043762660@c.us_3FF97324DDAE173D41B7'
    },
    viewed: false,
    body: 'Gracias',
    type: 'chat',
    t: 1743723567,
    notifyName: 'Juliana',
    from: '573043762660@c.us',
    to: '573016064115@c.us',
    ack: 1,
    invis: false,
    isNewMsg: true,
    star: false,
    kicNotified: false,
    recvFresh: true,
    isFromTemplate: false,
    thumbnail: '',
    pollInvalidated: false,
    isSentCagPollCreation: false,
    latestEditMsgKey: null,
    latestEditSenderTimestampMs: null,
    mentionedJidList: [],
    groupMentions: [],
    isEventCanceled: false,
    eventInvalidated: false,
    isVcardOverMmsDocument: false,
    hasReaction: false,
    ephemeralDuration: 0,
    ephemeralSettingTimestamp: 0,
    disappearingModeInitiator: 'chat',
    disappearingModeTrigger: 'chat_settings',
    viewMode: 'VISIBLE',
    productHeaderImageRejected: false,
    lastPlaybackProgress: 0,
    isDynamicReplyButtonsMsg: false,
    isCarouselCard: false,
    parentMsgId: null,
    callSilenceReason: null,
    isVideoCall: false,
    callDuration: null,
    callParticipants: null,
    isMdHistoryMsg: false,
    stickerSentTs: 0,
    isAvatar: false,
    lastUpdateFromServerTs: 0,
    invokedBotWid: null,
    bizBotType: null,
    botResponseTargetId: null,
    botPluginType: null,
    botPluginReferenceIndex: null,
    botPluginSearchProvider: null,
    botPluginSearchUrl: null,
    botPluginSearchQuery: null,
    botPluginMaybeParent: false,
    botReelPluginThumbnailCdnUrl: null,
    botMsgBodyType: null,
    reportingTokenInfo: { reportingTag: [Object] },
    requiresDirectConnection: null,
    bizContentPlaceholderType: null,
    hostedBizEncStateMismatch: false,
    senderOrRecipientAccountTypeHosted: false,
    placeholderCreatedWhenAccountIsHosted: false,
    links: []
  },
  mediaKey: undefined,
  id: {
    fromMe: false,
    remote: '573043762660@c.us',
    id: '3FF97324DDAE173D41B7',
    _serialized: 'false_573043762660@c.us_3FF97324DDAE173D41B7'
  },
  ack: 1,
  hasMedia: false,
  body: 'Gracias',
  type: 'chat',
  timestamp: 1743723567,
  from: '573043762660',
  to: '573016064115@c.us',
  author: undefined,
  deviceType: 'web',
  isForwarded: undefined,
  forwardingScore: 0,
  isStatus: false,
  isStarred: false,
  broadcast: undefined,
  fromMe: false,
  hasQuotedMsg: false,
  hasReaction: false,
  duration: undefined,
  location: undefined,
  vCards: [],
  inviteV4: undefined,
  mentionedIds: [],
  groupMentions: [],
  orderId: undefined,
  token: undefined,
  isGif: false,
  isEphemeral: undefined,
  links: []
}
[QUEUE_SE_ENVIO]:  {
  ref: 'ans_6b687271-3f98-4522-92f5-f8b978efeda3',
  keyword: 'key_c91603c4-f278-4b02-a446-3e0b84d2a9a7',
  answer: 'Fue un placer servirte, que tengas un buen día. 😊',
  options: {
    media: null,
    buttons: [],
    capture: false,
    child: null,
    delay: 0,
    idle: null,
    ref: null,
    nested: [],
    keyword: {},
    callback: true
  },
  refSerialize: '3814b19645e9d0e9b0c17b363154297e'
}
